[24/May/2019 10:42:53]"GET /index/ HTTP/1.1" 200 58267
[24/May/2019 10:42:53]"GET /static/star-rating.min.css HTTP/1.1" 304 0
[24/May/2019 10:42:53]"GET /static/star-rating.min.js HTTP/1.1" 304 0
[24/May/2019 10:42:53]"GET /img/loading.gif HTTP/1.1" 404 2164
[24/May/2019 10:46:18]"GET /index/ HTTP/1.1" 200 58267
[24/May/2019 10:46:18]"GET /static/star-rating.min.css HTTP/1.1" 200 2256
[24/May/2019 10:46:18]"GET /static/star-rating.min.js HTTP/1.1" 200 12231
[24/May/2019 10:46:18]"GET /favicon.ico HTTP/1.1" 404 2152
[24/May/2019 10:46:18]"GET /img/loading.gif HTTP/1.1" 404 2164
[24/May/2019 10:46:21]"GET /index/ HTTP/1.1" 200 58267
[24/May/2019 10:46:21]"GET /static/star-rating.min.css HTTP/1.1" 200 2256
[24/May/2019 10:46:21]"GET /static/star-rating.min.js HTTP/1.1" 200 12231
[24/May/2019 10:46:21]"GET /img/loading.gif HTTP/1.1" 404 2164
[24/May/2019 10:46:22]"GET /favicon.ico HTTP/1.1" 404 2152
[24/May/2019 10:46:37]"GET /index/ HTTP/1.1" 200 58267
[24/May/2019 10:46:37]"GET /static/star-rating.min.css HTTP/1.1" 200 2256
[24/May/2019 10:46:37]"GET /static/star-rating.min.js HTTP/1.1" 200 12231
[24/May/2019 10:46:38]"GET /favicon.ico HTTP/1.1" 404 2152
[24/May/2019 10:46:38]"GET /img/loading.gif HTTP/1.1" 404 2164
[24/May/2019 10:47:33]"GET /index/ HTTP/1.1" 200 58267
[24/May/2019 10:47:33]"GET /static/star-rating.min.css HTTP/1.1" 200 2256
[24/May/2019 10:47:33]"GET /static/star-rating.min.js HTTP/1.1" 200 12231
[24/May/2019 10:47:33]"GET /img/loading.gif HTTP/1.1" 404 2164
[24/May/2019 10:47:34]"GET /favicon.ico HTTP/1.1" 404 2152
[24/May/2019 10:47:53]"POST /api/ HTTP/1.1" 500 10910
[24/May/2019 10:47:54]"POST /api/ HTTP/1.1" 500 10910
[24/May/2019 10:47:55]"POST /api/ HTTP/1.1" 500 10910
[24/May/2019 10:47:55]"POST /api/ HTTP/1.1" 500 10910
[24/May/2019 10:47:55]"POST /api/ HTTP/1.1" 500 10910
[24/May/2019 10:47:55]"POST /api/ HTTP/1.1" 500 10910
[24/May/2019 10:52:43]"GET /index/ HTTP/1.1" 200 58267
[24/May/2019 10:52:43]"GET /static/star-rating.min.js HTTP/1.1" 304 0
[24/May/2019 10:52:43]"GET /static/star-rating.min.css HTTP/1.1" 304 0
[24/May/2019 10:52:43]"GET /favicon.ico HTTP/1.1" 404 2152
[24/May/2019 10:52:44]"GET /img/loading.gif HTTP/1.1" 404 2164
[24/May/2019 10:54:46]"GET /index/ HTTP/1.1" 200 58267
[24/May/2019 10:54:46]"GET /static/star-rating.min.css HTTP/1.1" 200 2256
[24/May/2019 10:54:46]"GET /static/star-rating.min.js HTTP/1.1" 200 12231
[24/May/2019 10:54:46]"GET /favicon.ico HTTP/1.1" 404 2152
[24/May/2019 10:54:46]"GET /img/loading.gif HTTP/1.1" 404 2164
[24/May/2019 10:58:27]"GET /index/ HTTP/1.1" 200 58267
[24/May/2019 10:58:27]"GET /static/star-rating.min.css HTTP/1.1" 200 2256
[24/May/2019 10:58:27]"GET /static/star-rating.min.js HTTP/1.1" 200 12231
[24/May/2019 10:58:27]"GET /img/loading.gif HTTP/1.1" 404 2164
[24/May/2019 10:58:28]"GET /favicon.ico HTTP/1.1" 404 2152
